<?xml version="1.0" encoding="UTF-8"?>
<testsuite xmlns:xsi="http://www.w3.org/2001/XMLSchema-instance" xsi:noNamespaceSchemaLocation="https://maven.apache.org/surefire/maven-surefire-plugin/xsd/surefire-test-report-3.0.xsd" version="3.0" name="runners.ScotiaTest" time="34.013" tests="7" errors="0" skipped="0" failures="0">
  <properties>
[...]
</properties>
  <testcase name="Given user is already on Login Page" classname="Scenario: Scotia bank Login Test Scenario" time="0.014">
    <system-out><![CDATA[#Author: your.email@your.domain.com
#Keywords Summary :
#Feature: List of scenarios.
#Scenario: Business rule through list of steps with arguments.
#Given: Some precondition step
#When: Some key actions
#Then: To observe outcomes or validation
#And,But: To enumerate more Given,When,Then steps
#Scenario Outline: List of steps for data-driven as an Examples and <placeholder>
#Examples: Container for s table
#Background: List of steps run before each of the scenarios
#""" (Doc Strings)
#| (Data Tables)
#@ (Tags/Labels):To group Scenarios
#<> (placeholder)
#""
## (Comments)
#Sample Feature Definition Template
Feature: Scotia bank Login
Step 1: User is on login page
]]></system-out>
    <system-err><![CDATA[1655170990336	geckodriver	INFO	Listening on 127.0.0.1:3420
1655170991125	mozrunner::runner	INFO	Running command: "C:\\Program Files\\Mozilla Firefox\\firefox.exe" "--marionette" "-no-remote" "-profile" "C:\\Users\\HP\\AppData\\Local\\Temp\\rust_mozprofileYl6SHk"
1655170991969	Marionette	INFO	Marionette enabled
console.warn: SearchSettings: "get: No settings file exists, new profile?" (new NotFoundError("Could not open the file at C:\\Users\\HP\\AppData\\Local\\Temp\\rust_mozprofileYl6SHk\\search.json.mozlz4", (void 0)))
1655170997419	Marionette	INFO	Listening on port 51082
1655170997496	RemoteAgent	WARN	TLS certificate errors will be ignored for this session
Jun 13, 2022 9:43:17 PM org.openqa.selenium.remote.ProtocolHandshake createSession
INFO: Detected dialect: W3C
]]></system-err>
  </testcase>
  <testcase name="When title of login page is &quot;Sign in | Scotiabank&quot;" classname="Scenario: Scotia bank Login Test Scenario" time="0">
    <system-out><![CDATA[Step 2: The title of the login page is Sign in | Scotiabank
Sign in | Scotiabank
Sign in | Scotiabank
]]></system-out>
  </testcase>
  <testcase name="Then user enters &quot;skdfjblsdn@&quot; and &quot;asjdaldn&quot;" classname="Scenario: Scotia bank Login Test Scenario" time="0">
    <system-out><![CDATA[Step 3: User enters email id and password
skdfjblsdn@
asjdaldn
]]></system-out>
  </testcase>
  <testcase name="Then user clicks on login button" classname="Scenario: Scotia bank Login Test Scenario" time="0">
    <system-out><![CDATA[Step 4: User clicks in login button
]]></system-out>
    <system-err><![CDATA[console.warn: LoginRecipes: "getRecipes: falling back to a synchronous message for:" "https://auth.scotiaonline.scotiabank.com"
JavaScript warning: https://auth.scotiaonline.scotiabank.com/zg7IC/7d/d/j/bA0I8FNzCf-/9JruNGpSu9ab/Ay9OAQ/M2U7Cy/AOMFY, line 1: WEBGL_debug_renderer_info is deprecated in Firefox and will be removed. Please use RENDERER.
]]></system-err>
  </testcase>
  <testcase name="Then user get error message" classname="Scenario: Scotia bank Login Test Scenario" time="0">
    <system-out><![CDATA[Step 5: User get the error message
Please enter a username or card number without special characters.
]]></system-out>
  </testcase>
  <testcase name="Then user quit" classname="Scenario: Scotia bank Login Test Scenario" time="0">
    <system-out><![CDATA[Step 6: User Quit
]]></system-out>
    <system-err><![CDATA[1655171018601	Marionette	INFO	Stopped listening on port 51082
[Parent 13280, IPC I/O Parent] WARNING: file /builds/worker/checkouts/gecko/ipc/chromium/src/base/process_util_win.cc:167
]]></system-err>
  </testcase>
  <testcase name="" classname="Scenario: Scotia bank Login Test Scenario" time="0"/>
</testsuite>